<<<<<<< HEAD
Base path: D:/Program Files/Unity/Editor/Data
Pipe name: \\.\pipe\UnityShaderCompiler-64bit-1-5840
Cmd: getPlatforms
Cmd: preprocess
  insize=11084 outsize=718 ok=1
Cmd: compileSnippet
  api=4 type=0 insize=10527 outsize=990 kw= ok=1
Cmd: compileSnippet
  api=4 type=1 insize=10527 outsize=1672 kw= ok=1
Cmd: compileSnippet
  api=4 type=0 insize=10549 outsize=990 kw= ok=1
Cmd: compileSnippet
  api=4 type=1 insize=10549 outsize=9269 kw= ok=1
Cmd: compileSnippet
  api=4 type=0 insize=10548 outsize=990 kw= ok=1
Cmd: compileSnippet
  api=4 type=1 insize=10548 outsize=9285 kw= ok=1
Cmd: preprocess
  insize=4203 outsize=523 ok=1
Cmd: compileSnippet
  api=4 type=0 insize=3977 outsize=1607 kw= ok=1
Cmd: compileSnippet
  api=4 type=1 insize=3977 outsize=3094 kw= ok=1
Cmd: compileSnippet
  api=4 type=0 insize=3981 outsize=1664 kw= ok=1
Cmd: compileSnippet
  api=4 type=1 insize=3981 outsize=3297 kw= ok=1
Cmd: preprocess
  insize=1685 outsize=352 ok=1
Cmd: compileSnippet
  api=4 type=0 insize=1635 outsize=1347 kw= ok=1
Cmd: compileSnippet
  api=4 type=1 insize=1635 outsize=1965 kw= ok=1
Cmd: preprocess
  insize=897 outsize=355 ok=1
Cmd: compileSnippet
  api=4 type=0 insize=847 outsize=990 kw= ok=1
Cmd: compileSnippet
  api=4 type=1 insize=847 outsize=1225 kw= ok=1
Cmd: preprocess
  insize=999 outsize=404 ok=1
Cmd: compileSnippet
  api=4 type=0 insize=900 outsize=990 kw= ok=1
Cmd: compileSnippet
  api=4 type=1 insize=900 outsize=1006 kw= ok=1
Cmd: preprocess
  insize=2351 outsize=1072 ok=1
Cmd: compileSnippet
  api=4 type=0 insize=1581 outsize=1274 kw=SOFTPARTICLES_OFF ok=1
Cmd: compileSnippet
  api=4 type=1 insize=1581 outsize=908 kw=SOFTPARTICLES_OFF ok=1
Cmd: preprocess
  insize=1989 outsize=486 ok=1
Cmd: compileSnippet
  api=4 type=0 insize=1805 outsize=990 kw= ok=1
Cmd: compileSnippet
  api=4 type=1 insize=1805 outsize=1688 kw= ok=1
Cmd: preprocess
  insize=1284 outsize=412 ok=1
Cmd: compileSnippet
  api=4 type=0 insize=1177 outsize=1103 kw= ok=1
Cmd: compileSnippet
  api=4 type=1 insize=1177 outsize=1526 kw= ok=1
Cmd: preprocess
  insize=1507 outsize=457 ok=1
Cmd: compileSnippet
  api=4 type=0 insize=1338 outsize=990 kw= ok=1
Cmd: compileSnippet
  api=4 type=1 insize=1338 outsize=600 kw= ok=1
Cmd: compileSnippet
  api=4 type=0 insize=1328 outsize=990 kw= ok=1
Cmd: compileSnippet
  api=4 type=1 insize=1328 outsize=1209 kw= ok=1
Cmd: preprocess
  insize=370 outsize=271 ok=1
Cmd: compileSnippet
  api=4 type=0 insize=403 outsize=762 kw= ok=1
Cmd: compileSnippet
  api=4 type=1 insize=403 outsize=380 kw= ok=1
Cmd: preprocess
  insize=1752 outsize=355 ok=1
Cmd: compileSnippet
  api=4 type=0 insize=1699 outsize=1550 kw= ok=1
Cmd: compileSnippet
  api=4 type=1 insize=1699 outsize=1493 kw= ok=1
Cmd: preprocess
  insize=1183 outsize=296 ok=1
Cmd: compileSnippet
  api=4 type=0 insize=1189 outsize=1380 kw= ok=1
Cmd: compileSnippet
  api=4 type=1 insize=1189 outsize=1372 kw= ok=1
Cmd: preprocess
  insize=1116 outsize=407 ok=1
Cmd: compileSnippet
  api=4 type=0 insize=1012 outsize=990 kw= ok=1
Cmd: compileSnippet
  api=4 type=1 insize=1012 outsize=1355 kw= ok=1
Cmd: preprocess
  insize=6550 outsize=798 ok=1
Cmd: compileSnippet
  error: 2 plat 4 at frag_ao.cginc(2): 'samples': array dimensions of function parameters must be explicit\nCompiling Vertex program
  api=4 type=0 insize=1796 outsize=0 kw= ok=0
Cmd: preprocess
  insize=1192 outsize=314 ok=1
Cmd: compileSnippet
  api=4 type=0 insize=1183 outsize=1737 kw= ok=1
Cmd: compileSnippet
  api=4 type=1 insize=1183 outsize=1396 kw= ok=1
Cmd: preprocess
  insize=2203 outsize=533 ok=1
Cmd: compileSnippet
  api=4 type=0 insize=1840 outsize=1103 kw= ok=1
Cmd: compileSnippet
  api=4 type=1 insize=1840 outsize=1201 kw= ok=1
Cmd: compileSnippet
  api=4 type=0 insize=1837 outsize=1103 kw= ok=1
Cmd: compileSnippet
  api=4 type=1 insize=1837 outsize=933 kw= ok=1
Cmd: compileSnippet
  api=4 type=0 insize=1850 outsize=1640 kw= ok=1
Cmd: compileSnippet
  api=4 type=1 insize=1850 outsize=1307 kw= ok=1
Cmd: preprocess
  insize=968 outsize=305 ok=1
Cmd: compileSnippet
  api=4 type=0 insize=968 outsize=990 kw= ok=1
Cmd: compileSnippet
  api=4 type=1 insize=968 outsize=990 kw= ok=1
Cmd: preprocess
  insize=1377 outsize=384 ok=1
Cmd: compileSnippet
  api=4 type=0 insize=1295 outsize=1453 kw= ok=1
Cmd: compileSnippet
  api=4 type=1 insize=1295 outsize=1437 kw= ok=1
Cmd: preprocess
  insize=1413 outsize=359 ok=1
Cmd: compileSnippet
  api=4 type=0 insize=1359 outsize=1786 kw= ok=1
Cmd: compileSnippet
  api=4 type=1 insize=1359 outsize=787 kw= ok=1
Cmd: preprocess
  insize=1403 outsize=346 ok=1
Cmd: compileSnippet
  api=4 type=0 insize=1359 outsize=1347 kw= ok=1
Cmd: compileSnippet
  api=4 type=1 insize=1359 outsize=1502 kw= ok=1
Cmd: preprocess
  insize=1116 outsize=325 ok=1
Cmd: compileSnippet
  api=4 type=0 insize=1096 outsize=990 kw= ok=1
Cmd: compileSnippet
  api=4 type=1 insize=1096 outsize=1355 kw= ok=1
Cmd: preprocess
  insize=2143 outsize=644 ok=1
Cmd: compileSnippet
  api=4 type=0 insize=1805 outsize=1185 kw= ok=1
Cmd: compileSnippet
  api=4 type=1 insize=1805 outsize=2607 kw= ok=1
Cmd: preprocess
  insize=965 outsize=271 ok=1
Cmd: compileSnippet
  api=4 type=0 insize=994 outsize=1055 kw= ok=1
Cmd: compileSnippet
  api=4 type=1 insize=994 outsize=1217 kw= ok=1
Cmd: preprocess
  insize=790 outsize=320 ok=1
Cmd: compileSnippet
  api=4 type=0 insize=772 outsize=990 kw= ok=1
Cmd: compileSnippet
  api=4 type=1 insize=772 outsize=1103 kw= ok=1
Cmd: preprocess
  insize=32615 outsize=273 ok=1
Cmd: compileSnippet
  api=4 type=0 insize=32644 outsize=990 kw= ok=1
Cmd: compileSnippet
  api=4 type=1 insize=32644 outsize=10675 kw= ok=1
Cmd: preprocess
  insize=1216 outsize=260 ok=1
Cmd: compileSnippet
  api=4 type=0 insize=1258 outsize=1258 kw= ok=1
Cmd: compileSnippet
  api=4 type=1 insize=1258 outsize=1437 kw= ok=1
Cmd: preprocess
  insize=3291 outsize=706 ok=1
Cmd: compileSnippet
  api=4 type=0 insize=2719 outsize=1567 kw= ok=1
Cmd: compileSnippet
  api=4 type=1 insize=2719 outsize=2168 kw= ok=1
Cmd: compileSnippet
  api=4 type=0 insize=2710 outsize=1567 kw= ok=1
Cmd: compileSnippet
  api=4 type=1 insize=2710 outsize=1575 kw= ok=1
Cmd: compileSnippet
  api=4 type=0 insize=2709 outsize=1567 kw= ok=1
Cmd: compileSnippet
  api=4 type=1 insize=2709 outsize=1680 kw= ok=1
Cmd: compileSnippet
  api=4 type=0 insize=2721 outsize=1567 kw= ok=1
Cmd: compileSnippet
  api=4 type=1 insize=2721 outsize=2103 kw= ok=1
Cmd: preprocess
  insize=1038 outsize=358 ok=1
Cmd: compileSnippet
  api=4 type=0 insize=985 outsize=990 kw= ok=1
Cmd: compileSnippet
  api=4 type=1 insize=985 outsize=1038 kw= ok=1
Cmd: preprocess
  insize=7424 outsize=1104 ok=1
Cmd: compileSnippet
  api=4 type=0 insize=6107 outsize=990 kw= ok=1
Cmd: compileSnippet
  api=4 type=1 insize=6107 outsize=1583 kw= ok=1
Cmd: compileSnippet
  api=4 type=0 insize=6110 outsize=990 kw= ok=1
Cmd: compileSnippet
  api=4 type=1 insize=6110 outsize=1095 kw= ok=1
Cmd: compileSnippet
  api=4 type=0 insize=6119 outsize=1558 kw= ok=1
Cmd: compileSnippet
  api=4 type=1 insize=6119 outsize=2566 kw= ok=1
Cmd: compileSnippet
  api=4 type=0 insize=6113 outsize=1558 kw= ok=1
Cmd: compileSnippet
  api=4 type=1 insize=6113 outsize=2127 kw= ok=1
Cmd: compileSnippet
  api=4 type=0 insize=6110 outsize=990 kw= ok=1
Cmd: compileSnippet
  api=4 type=1 insize=6110 outsize=1217 kw= ok=1
Cmd: compileSnippet
  api=4 type=0 insize=6114 outsize=990 kw= ok=1
Cmd: compileSnippet
  api=4 type=1 insize=6114 outsize=1753 kw= ok=1
Cmd: compileSnippet
  api=4 type=0 insize=6118 outsize=1558 kw= ok=1
Cmd: compileSnippet
  api=4 type=1 insize=6118 outsize=2517 kw= ok=1
Cmd: compileSnippet
  api=4 type=0 insize=6104 outsize=990 kw= ok=1
Cmd: compileSnippet
  api=4 type=1 insize=6104 outsize=803 kw= ok=1
Cmd: preprocess
  insize=445 outsize=445 ok=1
Cmd: preprocess
  insize=977 outsize=438 ok=1
Cmd: compileSnippet
  api=4 type=0 insize=841 outsize=990 kw= ok=1
Cmd: compileSnippet
  api=4 type=1 insize=841 outsize=778 kw= ok=1
Cmd: preprocess
  insize=13266 outsize=2608 ok=1
Cmd: compileSnippet
  api=4 type=0 insize=10121 outsize=990 kw= ok=1
Cmd: compileSnippet
  api=4 type=1 insize=10121 outsize=884 kw= ok=1
Cmd: compileSnippet
  api=4 type=0 insize=10120 outsize=990 kw= ok=1
Cmd: compileSnippet
  api=4 type=1 insize=10120 outsize=1615 kw= ok=1
Cmd: compileSnippet
  api=4 type=0 insize=10120 outsize=990 kw= ok=1
Cmd: compileSnippet
  api=4 type=1 insize=10120 outsize=1688 kw= ok=1
Cmd: compileSnippet
  api=4 type=0 insize=10102 outsize=990 kw= ok=1
Cmd: compileSnippet
  api=4 type=1 insize=10102 outsize=1209 kw= ok=1
Cmd: compileSnippet
  api=4 type=0 insize=10121 outsize=990 kw= ok=1
Cmd: compileSnippet
  api=4 type=1 insize=10121 outsize=1079 kw= ok=1
Cmd: compileSnippet
  api=4 type=0 insize=10102 outsize=990 kw= ok=1
Cmd: compileSnippet
  api=4 type=1 insize=10102 outsize=1347 kw= ok=1
Cmd: compileSnippet
  api=4 type=0 insize=10147 outsize=1347 kw= ok=1
Cmd: compileSnippet
  api=4 type=1 insize=10147 outsize=1851 kw= ok=1
Cmd: compileSnippet
  api=4 type=0 insize=10101 outsize=990 kw= ok=1
Cmd: compileSnippet
  api=4 type=1 insize=10101 outsize=510 kw= ok=1
Cmd: compileSnippet
  api=4 type=0 insize=10100 outsize=990 kw= ok=1
Cmd: compileSnippet
  api=4 type=1 insize=10100 outsize=600 kw= ok=1
Cmd: compileSnippet
  api=4 type=0 insize=10127 outsize=2160 kw= ok=1
Cmd: compileSnippet
  api=4 type=1 insize=10127 outsize=3265 kw= ok=1
Cmd: compileSnippet
  api=4 type=0 insize=10121 outsize=2160 kw= ok=1
Cmd: compileSnippet
  api=4 type=1 insize=10121 outsize=3427 kw= ok=1
Cmd: compileSnippet
  api=4 type=0 insize=10127 outsize=2160 kw= ok=1
Cmd: compileSnippet
  api=4 type=1 insize=10127 outsize=3265 kw= ok=1
Cmd: preprocess
  insize=1930 outsize=489 ok=1
Cmd: compileSnippet
  api=4 type=0 insize=1716 outsize=990 kw= ok=1
Cmd: compileSnippet
  api=4 type=1 insize=1716 outsize=1599 kw= ok=1
Cmd: compileSnippet
  api=4 type=0 insize=1729 outsize=990 kw= ok=1
Cmd: compileSnippet
  api=4 type=1 insize=1729 outsize=1900 kw= ok=1
Cmd: preprocess
  insize=469 outsize=359 ok=1
Cmd: compileSnippet
  api=4 type=0 insize=416 outsize=1071 kw= ok=1
Cmd: compileSnippet
  api=4 type=1 insize=416 outsize=852 kw= ok=1
Cmd: preprocess
  insize=1604 outsize=301 ok=1
Cmd: compileSnippet
  api=4 type=0 insize=1607 outsize=1737 kw= ok=1
Cmd: compileSnippet
  api=4 type=1 insize=1607 outsize=2355 kw= ok=1
Cmd: preprocess
  insize=1484 outsize=448 ok=1
Cmd: compileSnippet
  api=4 type=0 insize=1338 outsize=1339 kw= ok=1
Cmd: compileSnippet
  api=4 type=1 insize=1338 outsize=1404 kw= ok=1
Cmd: preprocess
  error: 1 plat 15 at (84): Both vertex and fragment programs must be present in a CGPROGRAM. Excluding it from compilation.
  insize=2292 outsize=1220 ok=1
Cmd: compileSnippet
  api=4 type=0 insize=1310 outsize=1908 kw= ok=1
Cmd: compileSnippet
  api=4 type=1 insize=1310 outsize=1583 kw= ok=1
Cmd: preprocess
  insize=1737 outsize=297 ok=1
Cmd: compileSnippet
  api=4 type=0 insize=1742 outsize=1713 kw= ok=1
Cmd: compileSnippet
  api=4 type=1 insize=1742 outsize=4613 kw= ok=1
Cmd: preprocess
  insize=1026 outsize=351 ok=1
Cmd: compileSnippet
  api=4 type=0 insize=977 outsize=990 kw= ok=1
Cmd: compileSnippet
  api=4 type=1 insize=977 outsize=1282 kw= ok=1
Cmd: preprocess
  insize=738 outsize=267 ok=1
Cmd: compileSnippet
  api=4 type=0 insize=771 outsize=990 kw= ok=1
Cmd: compileSnippet
  api=4 type=1 insize=771 outsize=819 kw= ok=1
Cmd: preprocess
  insize=5809 outsize=873 ok=1
Cmd: compileSnippet
  api=4 type=0 insize=4899 outsize=1558 kw= ok=1
Cmd: compileSnippet
  api=4 type=1 insize=4899 outsize=2135 kw= ok=1
Cmd: compileSnippet
  api=4 type=0 insize=4901 outsize=1558 kw= ok=1
Cmd: compileSnippet
  api=4 type=1 insize=4901 outsize=1640 kw= ok=1
Cmd: compileSnippet
  api=4 type=0 insize=4905 outsize=1558 kw= ok=1
Cmd: compileSnippet
  api=4 type=1 insize=4905 outsize=1802 kw= ok=1
Cmd: compileSnippet
  api=4 type=0 insize=4914 outsize=990 kw= ok=1
Cmd: compileSnippet
  api=4 type=1 insize=4914 outsize=1038 kw= ok=1
Cmd: compileSnippet
  api=4 type=0 insize=4895 outsize=1558 kw= ok=1
Cmd: compileSnippet
  api=4 type=1 insize=4895 outsize=2135 kw= ok=1
Cmd: preprocess
  insize=586 outsize=360 ok=1
Cmd: compileSnippet
  api=4 type=0 insize=528 outsize=990 kw= ok=1
Cmd: compileSnippet
  api=4 type=1 insize=528 outsize=1258 kw= ok=1
Cmd: preprocess
  insize=32625 outsize=273 ok=1
Cmd: compileSnippet
  api=4 type=0 insize=32654 outsize=990 kw= ok=1
Cmd: compileSnippet
  api=4 type=1 insize=32654 outsize=10610 kw= ok=1
Cmd: preprocess
  insize=6779 outsize=255 ok=1
Cmd: compileSnippet
  api=4 type=0 insize=6826 outsize=1380 kw= ok=1
Cmd: compileSnippet
  api=4 type=1 insize=6826 outsize=4345 kw= ok=1
Cmd: preprocess
  insize=4425 outsize=555 ok=1
Cmd: compileSnippet
  api=4 type=0 insize=4130 outsize=2200 kw= ok=1
Cmd: compileSnippet
  api=4 type=1 insize=4130 outsize=7027 kw= ok=1
Cmd: compileSnippet
  api=4 type=0 insize=4135 outsize=2200 kw= ok=1
Cmd: compileSnippet
  api=4 type=1 insize=4135 outsize=6092 kw= ok=1
Cmd: preprocess
  insize=370 outsize=271 ok=1
Cmd: preprocess
  insize=4869 outsize=1093 ok=1
Cmd: compileSnippet
  api=4 type=0 insize=3761 outsize=990 kw= ok=1
Cmd: compileSnippet
  api=4 type=1 insize=3761 outsize=1128 kw= ok=1
Cmd: compileSnippet
  api=4 type=0 insize=3768 outsize=1233 kw= ok=1
Cmd: compileSnippet
  api=4 type=1 insize=3768 outsize=1185 kw= ok=1
Cmd: compileSnippet
  api=4 type=0 insize=3766 outsize=990 kw= ok=1
Cmd: compileSnippet
  api=4 type=1 insize=3766 outsize=1599 kw= ok=1
Cmd: compileSnippet
  api=4 type=0 insize=3768 outsize=990 kw= ok=1
Cmd: compileSnippet
  api=4 type=1 insize=3768 outsize=1900 kw= ok=1
Cmd: compileSnippet
  api=4 type=0 insize=3758 outsize=990 kw= ok=1
Cmd: compileSnippet
  api=4 type=1 insize=3758 outsize=900 kw= ok=1
Cmd: preprocess
  insize=778 outsize=304 ok=1
Cmd: compileSnippet
  api=4 type=0 insize=776 outsize=990 kw= ok=1
Cmd: compileSnippet
  api=4 type=1 insize=776 outsize=657 kw= ok=1
Cmd: preprocess
  insize=721 outsize=317 ok=1
Cmd: compileSnippet
  api=4 type=0 insize=706 outsize=990 kw= ok=1
Cmd: compileSnippet
  api=4 type=1 insize=706 outsize=1388 kw= ok=1
Cmd: preprocess
  insize=4076 outsize=684 ok=1
Cmd: compileSnippet
  api=4 type=0 insize=3418 outsize=990 kw= ok=1
Cmd: compileSnippet
  api=4 type=1 insize=3418 outsize=1258 kw= ok=1
Cmd: compileSnippet
  api=4 type=0 insize=3425 outsize=2135 kw= ok=1
Cmd: compileSnippet
  api=4 type=1 insize=3425 outsize=1835 kw= ok=1
Cmd: compileSnippet
  api=4 type=0 insize=3434 outsize=2119 kw= ok=1
Cmd: compileSnippet
  api=4 type=1 insize=3434 outsize=2111 kw= ok=1
Cmd: compileSnippet
  api=4 type=0 insize=3429 outsize=2119 kw= ok=1
Cmd: compileSnippet
  api=4 type=1 insize=3429 outsize=2403 kw= ok=1
Cmd: preprocess
  insize=883 outsize=301 ok=1
Cmd: compileSnippet
  api=4 type=0 insize=887 outsize=990 kw= ok=1
Cmd: compileSnippet
  api=4 type=1 insize=887 outsize=1087 kw= ok=1
Cmd: preprocess
  insize=469 outsize=359 ok=1
Cmd: preprocess
  insize=1339 outsize=296 ok=1
Cmd: compileSnippet
  api=4 type=0 insize=1347 outsize=1558 kw= ok=1
Cmd: compileSnippet
  api=4 type=1 insize=1347 outsize=1940 kw= ok=1
Cmd: preprocess
  insize=2143 outsize=982 ok=1
Cmd: compileSnippet
  api=4 type=0 insize=905 outsize=1071 kw= ok=1
Cmd: compileSnippet
  api=4 type=1 insize=905 outsize=738 kw= ok=1
Cmd: compileSnippet
  api=4 type=0 insize=860 outsize=1071 kw= ok=1
Cmd: compileSnippet
  api=4 type=1 insize=860 outsize=600 kw= ok=1
Cmd: preprocess
  insize=1080 outsize=489 ok=1
Cmd: compileSnippet
  api=4 type=0 insize=893 outsize=1128 kw= ok=1
Cmd: compileSnippet
  api=4 type=1 insize=893 outsize=1022 kw= ok=1
Cmd: preprocess
  insize=1213 outsize=389 ok=1
Cmd: compileSnippet
  api=4 type=0 insize=1129 outsize=1233 kw= ok=1
Cmd: compileSnippet
  api=4 type=1 insize=1129 outsize=1185 kw= ok=1
Cmd: preprocess
  insize=574 outsize=259 ok=1
Cmd: compileSnippet
  api=4 type=0 insize=617 outsize=827 kw= ok=1
Cmd: compileSnippet
  api=4 type=1 insize=617 outsize=437 kw= ok=1
Cmd: preprocess
  insize=2124 outsize=690 ok=1
Cmd: compileSnippet
  api=4 type=0 insize=1019 outsize=1883 kw= ok=1
Cmd: compileSnippet
  api=4 type=1 insize=1019 outsize=502 kw= ok=1
Cmd: compileSnippet
  api=4 type=0 insize=1019 outsize=1762 kw= ok=1
Cmd: compileSnippet
  api=4 type=1 insize=1019 outsize=502 kw= ok=1
Cmd: preprocess
  insize=775 outsize=367 ok=1
Cmd: compileSnippet
  api=4 type=0 insize=713 outsize=990 kw= ok=1
Cmd: compileSnippet
  api=4 type=1 insize=713 outsize=713 kw= ok=1
Cmd: preprocess
  insize=1727 outsize=682 ok=1
Cmd: compileSnippet
  api=4 type=0 insize=1346 outsize=1526 kw= ok=1
Cmd: compileSnippet
  api=4 type=1 insize=1346 outsize=1242 kw= ok=1
Cmd: compileSnippet
  api=4 type=0 insize=794 outsize=4386 kw=SHADOWS_DEPTH ok=1
Cmd: compileSnippet
  api=4 type=1 insize=794 outsize=437 kw=SHADOWS_DEPTH ok=1
Cmd: compileSnippet
  api=4 type=0 insize=619 outsize=4215 kw= ok=1
Cmd: compileSnippet
  api=4 type=1 insize=619 outsize=787 kw= ok=1
Cmd: compileSnippet
  api=4 type=0 insize=1004 outsize=4613 kw=SHADOWS_DEPTH ok=1
Cmd: compileSnippet
  api=4 type=1 insize=1004 outsize=868 kw=SHADOWS_DEPTH ok=1
Cmd: compileSnippet
  api=4 type=0 insize=631 outsize=4248 kw= ok=1
Cmd: compileSnippet
  api=4 type=1 insize=631 outsize=973 kw= ok=1
Cmd: compileSnippet
  api=4 type=0 insize=541 outsize=3517 kw=SHADOWS_DEPTH ok=1
Cmd: compileSnippet
  api=4 type=1 insize=541 outsize=437 kw=SHADOWS_DEPTH ok=1
Cmd: compileSnippet
  api=4 type=0 insize=7257 outsize=4857 kw=DIRECTIONAL SHADOWS_OFF LIGHTMAP_OFF DIRLIGHTMAP_OFF DYNAMICLIGHTMAP_OFF ok=1
Cmd: compileSnippet
  api=4 type=1 insize=7257 outsize=2038 kw=DIRECTIONAL SHADOWS_OFF LIGHTMAP_OFF DIRLIGHTMAP_OFF DYNAMICLIGHTMAP_OFF ok=1
Cmd: compileSnippet
  api=4 type=0 insize=4694 outsize=3939 kw=DIRECTIONAL ok=1
Cmd: compileSnippet
  api=4 type=1 insize=4694 outsize=1940 kw=DIRECTIONAL ok=1
Cmd: compileSnippet
  api=4 type=0 insize=6810 outsize=3647 kw=DIRECTIONAL SHADOWS_OFF LIGHTMAP_OFF DIRLIGHTMAP_OFF DYNAMICLIGHTMAP_OFF ok=1
Cmd: compileSnippet
  api=4 type=1 insize=6810 outsize=1298 kw=DIRECTIONAL SHADOWS_OFF LIGHTMAP_OFF DIRLIGHTMAP_OFF DYNAMICLIGHTMAP_OFF ok=1
Cmd: compileSnippet
  api=4 type=0 insize=3647 outsize=2737 kw=DIRECTIONAL ok=1
Cmd: compileSnippet
  api=4 type=1 insize=3647 outsize=1152 kw=DIRECTIONAL ok=1
Cmd: compileSnippet
  api=4 type=0 insize=1106 outsize=1274 kw= ok=1
Cmd: compileSnippet
  api=4 type=1 insize=1106 outsize=990 kw= ok=1
Cmd: compileSnippet
  api=4 type=0 insize=1109 outsize=1274 kw= ok=1
Cmd: compileSnippet
  api=4 type=1 insize=1109 outsize=998 kw= ok=1
Cmd: compileSnippet
  api=4 type=0 insize=577 outsize=3517 kw=SHADOWS_DEPTH ok=1
Cmd: compileSnippet
  api=4 type=1 insize=577 outsize=437 kw=SHADOWS_DEPTH ok=1
Cmd: compileSnippet
  api=4 type=0 insize=6731 outsize=3647 kw=DIRECTIONAL LIGHTMAP_OFF DIRLIGHTMAP_OFF DYNAMICLIGHTMAP_OFF ok=1
Cmd: compileSnippet
  api=4 type=1 insize=6731 outsize=1298 kw=DIRECTIONAL LIGHTMAP_OFF DIRLIGHTMAP_OFF DYNAMICLIGHTMAP_OFF ok=1
Cmd: compileSnippet
  api=4 type=0 insize=3569 outsize=2737 kw=DIRECTIONAL ok=1
Cmd: compileSnippet
  api=4 type=1 insize=3569 outsize=1152 kw=DIRECTIONAL ok=1
Cmd: compileSnippet
  api=4 type=0 insize=1705 outsize=1274 kw=SOFTPARTICLES_OFF ok=1
Cmd: compileSnippet
  api=4 type=1 insize=1705 outsize=908 kw=SOFTPARTICLES_OFF ok=1
Cmd: compileSnippet
  api=4 type=0 insize=1706 outsize=1274 kw=SOFTPARTICLES_OFF ok=1
Cmd: compileSnippet
  api=4 type=1 insize=1706 outsize=852 kw=SOFTPARTICLES_OFF ok=1
Cmd: compileSnippet
  api=4 type=0 insize=1329 outsize=1388 kw= ok=1
Cmd: compileSnippet
  api=4 type=1 insize=1329 outsize=1152 kw= ok=1
Cmd: compileSnippet
  api=4 type=0 insize=1325 outsize=1388 kw= ok=1
Cmd: compileSnippet
  api=4 type=1 insize=1325 outsize=1152 kw= ok=1
Cmd: compileSnippet
  api=4 type=0 insize=1325 outsize=1388 kw= ok=1
Cmd: compileSnippet
  api=4 type=1 insize=1325 outsize=1152 kw= ok=1
Cmd: compileSnippet
  api=4 type=0 insize=1329 outsize=1388 kw= ok=1
Cmd: compileSnippet
  api=4 type=1 insize=1329 outsize=1152 kw= ok=1
Cmd: compileSnippet
  api=4 type=0 insize=1317 outsize=1388 kw= ok=1
Cmd: compileSnippet
  api=4 type=1 insize=1317 outsize=1152 kw= ok=1
Cmd: compileSnippet
  api=4 type=0 insize=1327 outsize=1388 kw= ok=1
Cmd: compileSnippet
  api=4 type=1 insize=1327 outsize=1152 kw= ok=1
Cmd: compileSnippet
  api=4 type=0 insize=1642 outsize=1274 kw=SOFTPARTICLES_OFF ok=1
Cmd: compileSnippet
  api=4 type=1 insize=1642 outsize=908 kw=SOFTPARTICLES_OFF ok=1
Cmd: compileSnippet
  api=4 type=0 insize=3071 outsize=6409 kw=SHADOWS_DEPTH ok=1
Cmd: compileSnippet
  api=4 type=1 insize=3071 outsize=510 kw=SHADOWS_DEPTH ok=1
Cmd: compileSnippet
  api=4 type=0 insize=7509 outsize=7538 kw=DIRECTIONAL SHADOWS_OFF LIGHTMAP_OFF DIRLIGHTMAP_OFF DYNAMICLIGHTMAP_OFF ok=1
Cmd: compileSnippet
  api=4 type=1 insize=7509 outsize=3403 kw=DIRECTIONAL SHADOWS_OFF LIGHTMAP_OFF DIRLIGHTMAP_OFF DYNAMICLIGHTMAP_OFF ok=1
Cmd: compileSnippet
  api=4 type=0 insize=1074 outsize=7352 kw=SHADOWS_DEPTH ok=1
Cmd: compileSnippet
  api=4 type=1 insize=1074 outsize=868 kw=SHADOWS_DEPTH ok=1
Cmd: compileSnippet
  api=4 type=0 insize=2081 outsize=8968 kw=DIRECTIONAL SHADOWS_OFF LIGHTMAP_OFF DIRLIGHTMAP_OFF DYNAMICLIGHTMAP_OFF ok=1
Cmd: compileSnippet
  api=4 type=1 insize=2081 outsize=982 kw=DIRECTIONAL SHADOWS_OFF LIGHTMAP_OFF DIRLIGHTMAP_OFF DYNAMICLIGHTMAP_OFF ok=1
Cmd: compileSnippet
  api=4 type=0 insize=5077 outsize=6620 kw=DIRECTIONAL ok=1
Cmd: compileSnippet
  api=4 type=1 insize=5077 outsize=3208 kw=DIRECTIONAL ok=1
Cmd: compileSnippet
  api=4 type=0 insize=751 outsize=3517 kw=SHADOWS_DEPTH ok=1
Cmd: compileSnippet
  api=4 type=1 insize=751 outsize=364 kw=SHADOWS_DEPTH ok=1
Cmd: compileSnippet
  api=4 type=0 insize=982 outsize=3963 kw=DIRECTIONAL SHADOWS_OFF LIGHTMAP_OFF DIRLIGHTMAP_OFF DYNAMICLIGHTMAP_OFF ok=1
Cmd: compileSnippet
  api=4 type=1 insize=982 outsize=10545 kw=DIRECTIONAL SHADOWS_OFF LIGHTMAP_OFF DIRLIGHTMAP_OFF DYNAMICLIGHTMAP_OFF ok=1
Cmd: compileSnippet
  api=4 type=0 insize=938 outsize=4020 kw=DIRECTIONAL SHADOWS_OFF ok=1
Cmd: compileSnippet
  api=4 type=1 insize=938 outsize=5499 kw=DIRECTIONAL SHADOWS_OFF ok=1
Cmd: compileSnippet
  api=4 type=0 insize=1071 outsize=1274 kw= ok=1
Cmd: compileSnippet
  api=4 type=1 insize=1071 outsize=949 kw= ok=1
Cmd: compileSnippet
  api=4 type=0 insize=7523 outsize=4703 kw=DIRECTIONAL SHADOWS_OFF LIGHTMAP_OFF DIRLIGHTMAP_OFF DYNAMICLIGHTMAP_OFF ok=1
Cmd: compileSnippet
  api=4 type=1 insize=7523 outsize=3460 kw=DIRECTIONAL SHADOWS_OFF LIGHTMAP_OFF DIRLIGHTMAP_OFF DYNAMICLIGHTMAP_OFF ok=1
Cmd: compileSnippet
  api=4 type=0 insize=4918 outsize=3939 kw=DIRECTIONAL ok=1
Cmd: compileSnippet
  api=4 type=1 insize=4918 outsize=2891 kw=DIRECTIONAL ok=1
Cmd: compileSnippet
  api=4 type=0 insize=751 outsize=3517 kw=SHADOWS_DEPTH ok=1
Cmd: compileSnippet
  api=4 type=1 insize=751 outsize=364 kw=SHADOWS_DEPTH ok=1
Cmd: compileSnippet
  api=4 type=0 insize=977 outsize=3963 kw=DIRECTIONAL SHADOWS_OFF LIGHTMAP_OFF DIRLIGHTMAP_OFF DYNAMICLIGHTMAP_OFF ok=1
Cmd: compileSnippet
  api=4 type=1 insize=977 outsize=10488 kw=DIRECTIONAL SHADOWS_OFF LIGHTMAP_OFF DIRLIGHTMAP_OFF DYNAMICLIGHTMAP_OFF ok=1
Cmd: compileSnippet
  api=4 type=0 insize=934 outsize=4020 kw=DIRECTIONAL SHADOWS_OFF ok=1
Cmd: compileSnippet
  api=4 type=1 insize=934 outsize=5385 kw=DIRECTIONAL SHADOWS_OFF ok=1
Cmd: compileSnippet
  api=4 type=0 insize=1051 outsize=1250 kw= ok=1
Cmd: compileSnippet
  api=4 type=1 insize=1051 outsize=949 kw= ok=1
Cmd: compileSnippet
  api=4 type=0 insize=977 outsize=4622 kw=DIRECTIONAL SHADOWS_OFF LIGHTMAP_OFF DIRLIGHTMAP_OFF DYNAMICLIGHTMAP_OFF _NORMALMAP ok=1
Cmd: compileSnippet
  api=4 type=1 insize=977 outsize=11276 kw=DIRECTIONAL SHADOWS_OFF LIGHTMAP_OFF DIRLIGHTMAP_OFF DYNAMICLIGHTMAP_OFF _NORMALMAP ok=1
Cmd: compileSnippet
  api=4 type=0 insize=934 outsize=4020 kw=DIRECTIONAL SHADOWS_OFF _NORMALMAP ok=1
Cmd: compileSnippet
  api=4 type=1 insize=934 outsize=6125 kw=DIRECTIONAL SHADOWS_OFF _NORMALMAP ok=1
Cmd: compileSnippet
  api=4 type=0 insize=2088 outsize=8968 kw=DIRECTIONAL SHADOWS_OFF LIGHTMAP_OFF DIRLIGHTMAP_OFF DYNAMICLIGHTMAP_OFF ok=1
Cmd: compileSnippet
  api=4 type=1 insize=2088 outsize=982 kw=DIRECTIONAL SHADOWS_OFF LIGHTMAP_OFF DIRLIGHTMAP_OFF DYNAMICLIGHTMAP_OFF ok=1
Cmd: compileSnippet
  api=4 type=0 insize=990 outsize=1071 kw= ok=1
Cmd: compileSnippet
  api=4 type=1 insize=990 outsize=697 kw= ok=1
Cmd: compileSnippet
  api=4 type=0 insize=7075 outsize=3736 kw=DIRECTIONAL SHADOWS_OFF LIGHTMAP_OFF DIRLIGHTMAP_OFF DYNAMICLIGHTMAP_OFF ok=1
Cmd: compileSnippet
  api=4 type=1 insize=7075 outsize=1502 kw=DIRECTIONAL SHADOWS_OFF LIGHTMAP_OFF DIRLIGHTMAP_OFF DYNAMICLIGHTMAP_OFF ok=1
Cmd: compileSnippet
  api=4 type=0 insize=3755 outsize=2737 kw=DIRECTIONAL ok=1
Cmd: compileSnippet
  api=4 type=1 insize=3755 outsize=1152 kw=DIRECTIONAL ok=1
Cmd: compileSnippet
  api=4 type=0 insize=2996 outsize=6409 kw=SHADOWS_DEPTH ok=1
Cmd: compileSnippet
  api=4 type=1 insize=2996 outsize=510 kw=SHADOWS_DEPTH ok=1
Cmd: compileSnippet
  api=4 type=0 insize=7434 outsize=7538 kw=DIRECTIONAL SHADOWS_OFF LIGHTMAP_OFF DIRLIGHTMAP_OFF DYNAMICLIGHTMAP_OFF ok=1
Cmd: compileSnippet
  api=4 type=1 insize=7434 outsize=3346 kw=DIRECTIONAL SHADOWS_OFF LIGHTMAP_OFF DIRLIGHTMAP_OFF DYNAMICLIGHTMAP_OFF ok=1
Cmd: compileSnippet
  api=4 type=0 insize=5002 outsize=6620 kw=DIRECTIONAL ok=1
Cmd: compileSnippet
  api=4 type=1 insize=5002 outsize=3151 kw=DIRECTIONAL ok=1
Cmd: compileSnippet
  api=4 type=0 insize=9591 outsize=10342 kw=UNITY_COLORSPACE_GAMMA ok=1
Cmd: compileSnippet
  api=4 type=1 insize=9591 outsize=2623 kw=UNITY_COLORSPACE_GAMMA ok=1
=======
Base path: C:/Program Files/Unity/Editor/Data
Pipe name: \\.\pipe\UnityShaderCompiler-64bit-1-5152
Cmd: getPlatforms
>>>>>>> origin/master
